
Showing logs for build [32mcb-kubecd-environment-pr-35-3-b-1[0m stage [32mfrom-build-pack[0m and container [32mstep-credential-initializer-8rfnb[0m
{"level":"warn","ts":1573037364.1417062,"logger":"fallback-logger","caller":"logging/config.go:69","msg":"Fetch GitHub commit ID from kodata failed: \"ref: refs/heads/master\" is not a valid GitHub commit ID"}
{"level":"info","ts":1573037364.1436334,"logger":"fallback-logger","caller":"creds-init/main.go:40","msg":"Credentials initialized."}

Showing logs for build [32mcb-kubecd-environment-pr-35-3-b-1[0m stage [32mfrom-build-pack[0m and container [32mstep-working-dir-initializer-6mghr[0m
{"level":"warn","ts":1573037366.1935334,"logger":"fallback-logger","caller":"logging/config.go:69","msg":"Fetch GitHub commit ID from kodata failed: open /var/run/ko/HEAD: no such file or directory"}
{"level":"info","ts":1573037366.1965132,"logger":"fallback-logger","caller":"bash/main.go:65","msg":"Successfully executed command \"mkdir -p /workspace/source\""}

Showing logs for build [32mcb-kubecd-environment-pr-35-3-b-1[0m stage [32mfrom-build-pack[0m and container [32mstep-place-tools[0m

Showing logs for build [32mcb-kubecd-environment-pr-35-3-b-1[0m stage [32mfrom-build-pack[0m and container [32mstep-git-source-cb-kubecd-environment-pr-35-3-b-qhp6d[0m
{"level":"warn","ts":1573037372.2215815,"logger":"fallback-logger","caller":"logging/config.go:69","msg":"Fetch GitHub commit ID from kodata failed: \"ref: refs/heads/master\" is not a valid GitHub commit ID"}
{"level":"info","ts":1573037373.2837687,"logger":"fallback-logger","caller":"git/git.go:102","msg":"Successfully cloned https://github.com/cb-kubecd/environment-pr-35-3-boot-gke-staging.git @ 6c324bd643cab27b3c6030361a7b7ce42b8bb02d in path /workspace/source"}

Showing logs for build [32mcb-kubecd-environment-pr-35-3-b-1[0m stage [32mfrom-build-pack[0m and container [32mstep-git-merge[0m
Using SHAs from PULL_REFS=master:0ee0bdde9751c2ce789b34fd4f71d3128c5150a9,1:6c324bd643cab27b3c6030361a7b7ce42b8bb02d
DEBUG: ran git fetch --unshallow origin 6c324bd643cab27b3c6030361a7b7ce42b8bb02d: 0ee0bdde9751c2ce789b34fd4f71d3128c5150a9: in 
DEBUG: ran git checkout master in 
DEBUG: ran git reset --hard 0ee0bdde9751c2ce789b34fd4f71d3128c5150a9 in 
DEBUG: ran clean --force -d . in 
DEBUG: ran git merge 6c324bd643cab27b3c6030361a7b7ce42b8bb02d in 
Merged SHA 6c324bd643cab27b3c6030361a7b7ce42b8bb02d with commit message 'chore: Promote bdd-spring-1573037117 to version 0.0.1' into base branch master

Showing logs for build [32mcb-kubecd-environment-pr-35-3-b-1[0m stage [32mfrom-build-pack[0m and container [32mstep-build-helm-build[0m
WARNING: No $CHART_REPOSITORY defined so using the default value of: http://jenkins-x-chartmuseum:8080
Adding missing Helm repo: storage.googleapis.com https://storage.googleapis.com/chartmuseum.jenkins-x.io
Read credentials for https://storage.googleapis.com/chartmuseum.jenkins-x.io from vault helm/repos
Successfully added Helm repository storage.googleapis.com.
Adding missing Helm repo: jenkins-x-chartmuseum http://jenkins-x-chartmuseum:8080
Read credentials for http://jenkins-x-chartmuseum:8080 from vault helm/repos
Successfully added Helm repository jenkins-x-chartmuseum.
WARNING: No $CHART_REPOSITORY defined so using the default value of: http://jenkins-x-chartmuseum:8080
Adding missing Helm repo: chartmuseum.jenkins-x.io http://chartmuseum.jenkins-x.io
Read credentials for http://chartmuseum.jenkins-x.io from vault helm/repos
Successfully added Helm repository chartmuseum.jenkins-x.io.
