
Showing logs for build [32mcb-kubecd-environment-pr-35-3-b-4gkxp-1[0m stage [32mfrom-build-pack[0m and container [32mstep-credential-initializer-79cxb[0m
{"level":"warn","ts":1573039156.7027125,"logger":"fallback-logger","caller":"logging/config.go:69","msg":"Fetch GitHub commit ID from kodata failed: \"ref: refs/heads/master\" is not a valid GitHub commit ID"}
{"level":"info","ts":1573039156.7036645,"logger":"fallback-logger","caller":"creds-init/main.go:40","msg":"Credentials initialized."}

Showing logs for build [32mcb-kubecd-environment-pr-35-3-b-4gkxp-1[0m stage [32mfrom-build-pack[0m and container [32mstep-working-dir-initializer-78rjl[0m
{"level":"warn","ts":1573039158.0640874,"logger":"fallback-logger","caller":"logging/config.go:69","msg":"Fetch GitHub commit ID from kodata failed: open /var/run/ko/HEAD: no such file or directory"}
{"level":"info","ts":1573039158.0681443,"logger":"fallback-logger","caller":"bash/main.go:65","msg":"Successfully executed command \"mkdir -p /workspace/source\""}

Showing logs for build [32mcb-kubecd-environment-pr-35-3-b-4gkxp-1[0m stage [32mfrom-build-pack[0m and container [32mstep-place-tools[0m

Showing logs for build [32mcb-kubecd-environment-pr-35-3-b-4gkxp-1[0m stage [32mfrom-build-pack[0m and container [32mstep-git-source-cb-kubecd-environment-pr-35-3-b-w6wqc[0m
{"level":"warn","ts":1573039162.2370498,"logger":"fallback-logger","caller":"logging/config.go:69","msg":"Fetch GitHub commit ID from kodata failed: \"ref: refs/heads/master\" is not a valid GitHub commit ID"}
{"level":"info","ts":1573039163.2999241,"logger":"fallback-logger","caller":"git/git.go:102","msg":"Successfully cloned https://github.com/cb-kubecd/environment-pr-35-3-boot-gke-staging.git @ 2084e7565e2b2e4409b77ad08b4e1daac467024e in path /workspace/source"}

Showing logs for build [32mcb-kubecd-environment-pr-35-3-b-4gkxp-1[0m stage [32mfrom-build-pack[0m and container [32mstep-git-merge[0m
Using SHAs from PULL_REFS=master:da0f6c5f785bf2b047a823391b20fd7ba6d8898d,4:2084e7565e2b2e4409b77ad08b4e1daac467024e
DEBUG: ran git fetch --unshallow origin 2084e7565e2b2e4409b77ad08b4e1daac467024e: da0f6c5f785bf2b047a823391b20fd7ba6d8898d: in 
DEBUG: ran git checkout master in 
DEBUG: ran git reset --hard da0f6c5f785bf2b047a823391b20fd7ba6d8898d in 
DEBUG: ran clean --force -d . in 
DEBUG: ran git merge 2084e7565e2b2e4409b77ad08b4e1daac467024e in 
Merged SHA 2084e7565e2b2e4409b77ad08b4e1daac467024e with commit message 'chore: Promote bdd-gh-1573037842 to version 0.0.1' into base branch master

Showing logs for build [32mcb-kubecd-environment-pr-35-3-b-4gkxp-1[0m stage [32mfrom-build-pack[0m and container [32mstep-build-helm-build[0m
WARNING: No $CHART_REPOSITORY defined so using the default value of: http://jenkins-x-chartmuseum:8080
Adding missing Helm repo: storage.googleapis.com https://storage.googleapis.com/chartmuseum.jenkins-x.io
Read credentials for https://storage.googleapis.com/chartmuseum.jenkins-x.io from vault helm/repos
Successfully added Helm repository storage.googleapis.com.
Adding missing Helm repo: jenkins-x-chartmuseum http://jenkins-x-chartmuseum:8080
Read credentials for http://jenkins-x-chartmuseum:8080 from vault helm/repos
Successfully added Helm repository jenkins-x-chartmuseum.
WARNING: No $CHART_REPOSITORY defined so using the default value of: http://jenkins-x-chartmuseum:8080
Adding missing Helm repo: chartmuseum.jenkins-x.io http://chartmuseum.jenkins-x.io
Read credentials for http://chartmuseum.jenkins-x.io from vault helm/repos
Successfully added Helm repository chartmuseum.jenkins-x.io.
