
Showing logs for build [32mcb-kubecd-environment-pr-35-3-b-mdxrq-1[0m stage [32mfrom-build-pack[0m and container [32mstep-credential-initializer-86hls[0m
{"level":"warn","ts":1573039981.1690989,"logger":"fallback-logger","caller":"logging/config.go:69","msg":"Fetch GitHub commit ID from kodata failed: \"ref: refs/heads/master\" is not a valid GitHub commit ID"}
{"level":"info","ts":1573039981.1700814,"logger":"fallback-logger","caller":"creds-init/main.go:40","msg":"Credentials initialized."}

Showing logs for build [32mcb-kubecd-environment-pr-35-3-b-mdxrq-1[0m stage [32mfrom-build-pack[0m and container [32mstep-working-dir-initializer-pxbvp[0m
{"level":"warn","ts":1573039982.104606,"logger":"fallback-logger","caller":"logging/config.go:69","msg":"Fetch GitHub commit ID from kodata failed: open /var/run/ko/HEAD: no such file or directory"}
{"level":"info","ts":1573039982.106798,"logger":"fallback-logger","caller":"bash/main.go:65","msg":"Successfully executed command \"mkdir -p /workspace/source\""}

Showing logs for build [32mcb-kubecd-environment-pr-35-3-b-mdxrq-1[0m stage [32mfrom-build-pack[0m and container [32mstep-place-tools[0m

Showing logs for build [32mcb-kubecd-environment-pr-35-3-b-mdxrq-1[0m stage [32mfrom-build-pack[0m and container [32mstep-git-source-cb-kubecd-environment-pr-35-3-b-j56hw[0m
{"level":"warn","ts":1573039986.1296065,"logger":"fallback-logger","caller":"logging/config.go:69","msg":"Fetch GitHub commit ID from kodata failed: \"ref: refs/heads/master\" is not a valid GitHub commit ID"}
{"level":"info","ts":1573039987.249022,"logger":"fallback-logger","caller":"git/git.go:102","msg":"Successfully cloned https://github.com/cb-kubecd/environment-pr-35-3-boot-gke-staging.git @ c9c8598a42ed735768d69ee828451afa0ce6a746 in path /workspace/source"}

Showing logs for build [32mcb-kubecd-environment-pr-35-3-b-mdxrq-1[0m stage [32mfrom-build-pack[0m and container [32mstep-git-merge[0m
Using SHAs from PULL_REFS=master:4b50e12269e0aaa1727bf8b3184ee2f179297c05,6:c9c8598a42ed735768d69ee828451afa0ce6a746
DEBUG: ran git fetch --unshallow origin c9c8598a42ed735768d69ee828451afa0ce6a746: 4b50e12269e0aaa1727bf8b3184ee2f179297c05: in 
DEBUG: ran git checkout master in 
DEBUG: ran git reset --hard 4b50e12269e0aaa1727bf8b3184ee2f179297c05 in 
DEBUG: ran clean --force -d . in 
DEBUG: ran git merge c9c8598a42ed735768d69ee828451afa0ce6a746 in 
Merged SHA c9c8598a42ed735768d69ee828451afa0ce6a746 with commit message 'chore: Promote bdd-sbhg-import-1573039432 to version 0.0.1' into base branch master

Showing logs for build [32mcb-kubecd-environment-pr-35-3-b-mdxrq-1[0m stage [32mfrom-build-pack[0m and container [32mstep-build-helm-build[0m
WARNING: No $CHART_REPOSITORY defined so using the default value of: http://jenkins-x-chartmuseum:8080
Adding missing Helm repo: storage.googleapis.com https://storage.googleapis.com/chartmuseum.jenkins-x.io
Read credentials for https://storage.googleapis.com/chartmuseum.jenkins-x.io from vault helm/repos
Successfully added Helm repository storage.googleapis.com.
Adding missing Helm repo: jenkins-x-chartmuseum http://jenkins-x-chartmuseum:8080
Read credentials for http://jenkins-x-chartmuseum:8080 from vault helm/repos
Successfully added Helm repository jenkins-x-chartmuseum.
WARNING: No $CHART_REPOSITORY defined so using the default value of: http://jenkins-x-chartmuseum:8080
Adding missing Helm repo: chartmuseum.jenkins-x.io http://chartmuseum.jenkins-x.io
Read credentials for http://chartmuseum.jenkins-x.io from vault helm/repos
Successfully added Helm repository chartmuseum.jenkins-x.io.
