
Showing logs for build [32mcb-kubecd-environment-pr-35-3-b-5jcdv-1[0m stage [32mfrom-build-pack[0m and container [32mstep-credential-initializer-k8lq2[0m
{"level":"warn","ts":1573038254.9573176,"logger":"fallback-logger","caller":"logging/config.go:69","msg":"Fetch GitHub commit ID from kodata failed: \"ref: refs/heads/master\" is not a valid GitHub commit ID"}
{"level":"info","ts":1573038254.957865,"logger":"fallback-logger","caller":"creds-init/main.go:40","msg":"Credentials initialized."}

Showing logs for build [32mcb-kubecd-environment-pr-35-3-b-5jcdv-1[0m stage [32mfrom-build-pack[0m and container [32mstep-working-dir-initializer-d8mj7[0m
{"level":"warn","ts":1573038256.1732304,"logger":"fallback-logger","caller":"logging/config.go:69","msg":"Fetch GitHub commit ID from kodata failed: open /var/run/ko/HEAD: no such file or directory"}
{"level":"info","ts":1573038256.190491,"logger":"fallback-logger","caller":"bash/main.go:65","msg":"Successfully executed command \"mkdir -p /workspace/source\""}

Showing logs for build [32mcb-kubecd-environment-pr-35-3-b-5jcdv-1[0m stage [32mfrom-build-pack[0m and container [32mstep-place-tools[0m

Showing logs for build [32mcb-kubecd-environment-pr-35-3-b-5jcdv-1[0m stage [32mfrom-build-pack[0m and container [32mstep-git-source-cb-kubecd-environment-pr-35-3-b-6vsq2[0m
{"level":"warn","ts":1573038283.0154543,"logger":"fallback-logger","caller":"logging/config.go:69","msg":"Fetch GitHub commit ID from kodata failed: \"ref: refs/heads/master\" is not a valid GitHub commit ID"}
{"level":"info","ts":1573038284.144495,"logger":"fallback-logger","caller":"git/git.go:102","msg":"Successfully cloned https://github.com/cb-kubecd/environment-pr-35-3-boot-gke-staging.git @ 85f90686a1abe93036bf9853a81ad5e7980d15be in path /workspace/source"}

Showing logs for build [32mcb-kubecd-environment-pr-35-3-b-5jcdv-1[0m stage [32mfrom-build-pack[0m and container [32mstep-git-merge[0m
Using SHAs from PULL_REFS=master:c26bcdf6fe2ef544ea1337981c4a5491ae5faea7,2:85f90686a1abe93036bf9853a81ad5e7980d15be
DEBUG: ran git fetch --unshallow origin 85f90686a1abe93036bf9853a81ad5e7980d15be: c26bcdf6fe2ef544ea1337981c4a5491ae5faea7: in 
DEBUG: ran git checkout master in 
DEBUG: ran git reset --hard c26bcdf6fe2ef544ea1337981c4a5491ae5faea7 in 
DEBUG: ran clean --force -d . in 
DEBUG: ran git merge 85f90686a1abe93036bf9853a81ad5e7980d15be in 
Merged SHA 85f90686a1abe93036bf9853a81ad5e7980d15be with commit message 'chore: Promote bdd-sbhg-1573037842 to version 0.0.1' into base branch master

Showing logs for build [32mcb-kubecd-environment-pr-35-3-b-5jcdv-1[0m stage [32mfrom-build-pack[0m and container [32mstep-build-helm-build[0m
WARNING: No $CHART_REPOSITORY defined so using the default value of: http://jenkins-x-chartmuseum:8080
Adding missing Helm repo: storage.googleapis.com https://storage.googleapis.com/chartmuseum.jenkins-x.io
Read credentials for https://storage.googleapis.com/chartmuseum.jenkins-x.io from vault helm/repos
Successfully added Helm repository storage.googleapis.com.
Adding missing Helm repo: jenkins-x-chartmuseum http://jenkins-x-chartmuseum:8080
Read credentials for http://jenkins-x-chartmuseum:8080 from vault helm/repos
Successfully added Helm repository jenkins-x-chartmuseum.
WARNING: No $CHART_REPOSITORY defined so using the default value of: http://jenkins-x-chartmuseum:8080
Adding missing Helm repo: chartmuseum.jenkins-x.io http://chartmuseum.jenkins-x.io
Read credentials for http://chartmuseum.jenkins-x.io from vault helm/repos
Successfully added Helm repository chartmuseum.jenkins-x.io.
