
Showing logs for build [32mcb-kubecd-environment-pr-35-3-b-zk6ct-1[0m stage [32mfrom-build-pack[0m and container [32mstep-credential-initializer-v7648[0m
{"level":"warn","ts":1573038791.3663933,"logger":"fallback-logger","caller":"logging/config.go:69","msg":"Fetch GitHub commit ID from kodata failed: \"ref: refs/heads/master\" is not a valid GitHub commit ID"}
{"level":"info","ts":1573038791.3696907,"logger":"fallback-logger","caller":"creds-init/main.go:40","msg":"Credentials initialized."}

Showing logs for build [32mcb-kubecd-environment-pr-35-3-b-zk6ct-1[0m stage [32mfrom-build-pack[0m and container [32mstep-working-dir-initializer-fkft7[0m
{"level":"warn","ts":1573038792.3692274,"logger":"fallback-logger","caller":"logging/config.go:69","msg":"Fetch GitHub commit ID from kodata failed: open /var/run/ko/HEAD: no such file or directory"}
{"level":"info","ts":1573038792.3707163,"logger":"fallback-logger","caller":"bash/main.go:65","msg":"Successfully executed command \"mkdir -p /workspace/source\""}

Showing logs for build [32mcb-kubecd-environment-pr-35-3-b-zk6ct-1[0m stage [32mfrom-build-pack[0m and container [32mstep-place-tools[0m

Showing logs for build [32mcb-kubecd-environment-pr-35-3-b-zk6ct-1[0m stage [32mfrom-build-pack[0m and container [32mstep-git-source-cb-kubecd-environment-pr-35-3-b-hr2pg[0m
{"level":"warn","ts":1573038796.4299269,"logger":"fallback-logger","caller":"logging/config.go:69","msg":"Fetch GitHub commit ID from kodata failed: \"ref: refs/heads/master\" is not a valid GitHub commit ID"}
{"level":"info","ts":1573038797.4761815,"logger":"fallback-logger","caller":"git/git.go:102","msg":"Successfully cloned https://github.com/cb-kubecd/environment-pr-35-3-boot-gke-staging.git @ 021b15306c87a3f35042fee61a9a8234e202f9d4 in path /workspace/source"}

Showing logs for build [32mcb-kubecd-environment-pr-35-3-b-zk6ct-1[0m stage [32mfrom-build-pack[0m and container [32mstep-git-merge[0m
Using SHAs from PULL_REFS=master:5e6ea9d3cbcd05c1d16f8600383240db8e35f41e,3:021b15306c87a3f35042fee61a9a8234e202f9d4
DEBUG: ran git fetch --unshallow origin 021b15306c87a3f35042fee61a9a8234e202f9d4: 5e6ea9d3cbcd05c1d16f8600383240db8e35f41e: in 
DEBUG: ran git checkout master in 
DEBUG: ran git reset --hard 5e6ea9d3cbcd05c1d16f8600383240db8e35f41e in 
DEBUG: ran clean --force -d . in 
DEBUG: ran git merge 021b15306c87a3f35042fee61a9a8234e202f9d4 in 
Merged SHA 021b15306c87a3f35042fee61a9a8234e202f9d4 with commit message 'chore: Promote bdd-nh-1573037842 to version 0.0.1' into base branch master

Showing logs for build [32mcb-kubecd-environment-pr-35-3-b-zk6ct-1[0m stage [32mfrom-build-pack[0m and container [32mstep-build-helm-build[0m
WARNING: No $CHART_REPOSITORY defined so using the default value of: http://jenkins-x-chartmuseum:8080
Adding missing Helm repo: storage.googleapis.com https://storage.googleapis.com/chartmuseum.jenkins-x.io
Read credentials for https://storage.googleapis.com/chartmuseum.jenkins-x.io from vault helm/repos
Successfully added Helm repository storage.googleapis.com.
Adding missing Helm repo: jenkins-x-chartmuseum http://jenkins-x-chartmuseum:8080
Read credentials for http://jenkins-x-chartmuseum:8080 from vault helm/repos
Successfully added Helm repository jenkins-x-chartmuseum.
WARNING: No $CHART_REPOSITORY defined so using the default value of: http://jenkins-x-chartmuseum:8080
Adding missing Helm repo: chartmuseum.jenkins-x.io http://chartmuseum.jenkins-x.io
Read credentials for http://chartmuseum.jenkins-x.io from vault helm/repos
Successfully added Helm repository chartmuseum.jenkins-x.io.
