
Showing logs for build [32mcb-kubecd-environment-pr-35-3-b-bsjlk-1[0m stage [32mfrom-build-pack[0m and container [32mstep-credential-initializer-hhwms[0m
{"level":"warn","ts":1573040748.315783,"logger":"fallback-logger","caller":"logging/config.go:69","msg":"Fetch GitHub commit ID from kodata failed: \"ref: refs/heads/master\" is not a valid GitHub commit ID"}
{"level":"info","ts":1573040748.3176217,"logger":"fallback-logger","caller":"creds-init/main.go:40","msg":"Credentials initialized."}

Showing logs for build [32mcb-kubecd-environment-pr-35-3-b-bsjlk-1[0m stage [32mfrom-build-pack[0m and container [32mstep-working-dir-initializer-tgtfp[0m
{"level":"warn","ts":1573040748.7087216,"logger":"fallback-logger","caller":"logging/config.go:69","msg":"Fetch GitHub commit ID from kodata failed: open /var/run/ko/HEAD: no such file or directory"}
{"level":"info","ts":1573040748.7119684,"logger":"fallback-logger","caller":"bash/main.go:65","msg":"Successfully executed command \"mkdir -p /workspace/source\""}

Showing logs for build [32mcb-kubecd-environment-pr-35-3-b-bsjlk-1[0m stage [32mfrom-build-pack[0m and container [32mstep-place-tools[0m

Showing logs for build [32mcb-kubecd-environment-pr-35-3-b-bsjlk-1[0m stage [32mfrom-build-pack[0m and container [32mstep-git-source-cb-kubecd-environment-pr-35-3-b-xxmkn[0m
{"level":"warn","ts":1573040752.7621856,"logger":"fallback-logger","caller":"logging/config.go:69","msg":"Fetch GitHub commit ID from kodata failed: \"ref: refs/heads/master\" is not a valid GitHub commit ID"}
{"level":"info","ts":1573040753.8430223,"logger":"fallback-logger","caller":"git/git.go:102","msg":"Successfully cloned https://github.com/cb-kubecd/environment-pr-35-3-boot-gke-staging.git @ 97d2f3ac1373c81ca83a3c1da64a29288399420b in path /workspace/source"}

Showing logs for build [32mcb-kubecd-environment-pr-35-3-b-bsjlk-1[0m stage [32mfrom-build-pack[0m and container [32mstep-git-merge[0m
Using SHAs from PULL_REFS=master:aa042b0d5e691b0043dd1e058a3a7b73c9e324e9,8:97d2f3ac1373c81ca83a3c1da64a29288399420b
DEBUG: ran git fetch --unshallow origin 97d2f3ac1373c81ca83a3c1da64a29288399420b: aa042b0d5e691b0043dd1e058a3a7b73c9e324e9: in 
DEBUG: ran git checkout master in 
DEBUG: ran git reset --hard aa042b0d5e691b0043dd1e058a3a7b73c9e324e9 in 
DEBUG: ran clean --force -d . in 
DEBUG: ran git merge 97d2f3ac1373c81ca83a3c1da64a29288399420b in 
Merged SHA 97d2f3ac1373c81ca83a3c1da64a29288399420b with commit message 'chore: Promote bdd-ghf**y-import-1573039432 to version 0.0.1' into base branch master

Showing logs for build [32mcb-kubecd-environment-pr-35-3-b-bsjlk-1[0m stage [32mfrom-build-pack[0m and container [32mstep-build-helm-build[0m
WARNING: No $CHART_REPOSITORY defined so using the default value of: http://jenkins-x-chartmuseum:8080
Adding missing Helm repo: storage.googleapis.com https://storage.googleapis.com/chartmuseum.jenkins-x.io
Read credentials for https://storage.googleapis.com/chartmuseum.jenkins-x.io from vault helm/repos
Successfully added Helm repository storage.googleapis.com.
Adding missing Helm repo: jenkins-x-chartmuseum http://jenkins-x-chartmuseum:8080
Read credentials for http://jenkins-x-chartmuseum:8080 from vault helm/repos
Successfully added Helm repository jenkins-x-chartmuseum.
WARNING: No $CHART_REPOSITORY defined so using the default value of: http://jenkins-x-chartmuseum:8080
Adding missing Helm repo: chartmuseum.jenkins-x.io http://chartmuseum.jenkins-x.io
Read credentials for http://chartmuseum.jenkins-x.io from vault helm/repos
Successfully added Helm repository chartmuseum.jenkins-x.io.
