
Showing logs for build [32mcb-kubecd-environment-pr-35-3-b-8lxm2-1[0m stage [32mfrom-build-pack[0m and container [32mstep-credential-initializer-r52f4[0m
{"level":"warn","ts":1573040432.9562285,"logger":"fallback-logger","caller":"logging/config.go:69","msg":"Fetch GitHub commit ID from kodata failed: \"ref: refs/heads/master\" is not a valid GitHub commit ID"}
{"level":"info","ts":1573040432.9574907,"logger":"fallback-logger","caller":"creds-init/main.go:40","msg":"Credentials initialized."}

Showing logs for build [32mcb-kubecd-environment-pr-35-3-b-8lxm2-1[0m stage [32mfrom-build-pack[0m and container [32mstep-working-dir-initializer-4fl6q[0m
{"level":"warn","ts":1573040434.2117465,"logger":"fallback-logger","caller":"logging/config.go:69","msg":"Fetch GitHub commit ID from kodata failed: open /var/run/ko/HEAD: no such file or directory"}
{"level":"info","ts":1573040434.2132797,"logger":"fallback-logger","caller":"bash/main.go:65","msg":"Successfully executed command \"mkdir -p /workspace/source\""}

Showing logs for build [32mcb-kubecd-environment-pr-35-3-b-8lxm2-1[0m stage [32mfrom-build-pack[0m and container [32mstep-place-tools[0m

Showing logs for build [32mcb-kubecd-environment-pr-35-3-b-8lxm2-1[0m stage [32mfrom-build-pack[0m and container [32mstep-git-source-cb-kubecd-environment-pr-35-3-b-rm488[0m
{"level":"warn","ts":1573040462.3258793,"logger":"fallback-logger","caller":"logging/config.go:69","msg":"Fetch GitHub commit ID from kodata failed: \"ref: refs/heads/master\" is not a valid GitHub commit ID"}
{"level":"info","ts":1573040463.4136128,"logger":"fallback-logger","caller":"git/git.go:102","msg":"Successfully cloned https://github.com/cb-kubecd/environment-pr-35-3-boot-gke-staging.git @ 901d902f9e9753e7af9d8d136271e011642b12f1 in path /workspace/source"}

Showing logs for build [32mcb-kubecd-environment-pr-35-3-b-8lxm2-1[0m stage [32mfrom-build-pack[0m and container [32mstep-git-merge[0m
Using SHAs from PULL_REFS=master:c4c3c55523c314521a5015c86748ae37ccec1adb,7:901d902f9e9753e7af9d8d136271e011642b12f1
DEBUG: ran git fetch --unshallow origin 901d902f9e9753e7af9d8d136271e011642b12f1: c4c3c55523c314521a5015c86748ae37ccec1adb: in 
DEBUG: ran git checkout master in 
DEBUG: ran git reset --hard c4c3c55523c314521a5015c86748ae37ccec1adb in 
DEBUG: ran clean --force -d . in 
DEBUG: ran git merge 901d902f9e9753e7af9d8d136271e011642b12f1 in 
Merged SHA 901d902f9e9753e7af9d8d136271e011642b12f1 with commit message 'chore: Promote bdd-nh-import-1573039432 to version 0.0.1' into base branch master

Showing logs for build [32mcb-kubecd-environment-pr-35-3-b-8lxm2-1[0m stage [32mfrom-build-pack[0m and container [32mstep-build-helm-build[0m
WARNING: No $CHART_REPOSITORY defined so using the default value of: http://jenkins-x-chartmuseum:8080
Adding missing Helm repo: storage.googleapis.com https://storage.googleapis.com/chartmuseum.jenkins-x.io
Read credentials for https://storage.googleapis.com/chartmuseum.jenkins-x.io from vault helm/repos
Successfully added Helm repository storage.googleapis.com.
Adding missing Helm repo: jenkins-x-chartmuseum http://jenkins-x-chartmuseum:8080
Read credentials for http://jenkins-x-chartmuseum:8080 from vault helm/repos
Successfully added Helm repository jenkins-x-chartmuseum.
WARNING: No $CHART_REPOSITORY defined so using the default value of: http://jenkins-x-chartmuseum:8080
Adding missing Helm repo: chartmuseum.jenkins-x.io http://chartmuseum.jenkins-x.io
Read credentials for http://chartmuseum.jenkins-x.io from vault helm/repos
Successfully added Helm repository chartmuseum.jenkins-x.io.
